=== Verification run 2026-06-27T17:48:17Z ===
--- declared outputs exist ---
OK  README.md
OK  LICENSE
OK  .gitignore
OK  install.sh
OK  skill/SKILL.md
OK  skill/GUIDE.md
OK  docs/architecture.md
OK  docs/slides/inbox-orchestrate.html
OK  monitor/server.js
OK  monitor/index.html
OK  monitor/package.json
OK  launchd/com.orchestrate.tend.plist
OK  launchd/com.orchestrate.rescue.plist
OK  launchd/com.orchestrate.monitor.plist
OK  bin/run-job.sh
OK  bin/drain-inbox.sh
OK  bin/rescue.sh
OK  bin/tend-need-action.sh
OK  bin/cleanup-stale-inbox.sh
OK  examples/inbox/example-fix-bug.md
OK  examples/inbox/gated/example-db-migration.md
--- bash syntax check on all bin + install scripts ---
syntax OK  install.sh
syntax OK  bin/cleanup-stale-inbox.sh
syntax OK  bin/drain-inbox.sh
syntax OK  bin/enqueue-analyzer-daily.sh
syntax OK  bin/first-pass-auto-resolve.sh
syntax OK  bin/install-launchd.sh
syntax OK  bin/requeue-unblocked.sh
syntax OK  bin/rescue.sh
syntax OK  bin/run-job.sh
syntax OK  bin/set-runner.sh
syntax OK  bin/tend-need-action.sh
syntax OK  tests/test-run-job.sh
syntax OK  tests/test-task-orchestrate.sh
--- plist xml validity ---
launchd/com.orchestrate.monitor.plist: OK
plist OK  launchd/com.orchestrate.monitor.plist
launchd/com.orchestrate.rescue.plist: OK
plist OK  launchd/com.orchestrate.rescue.plist
launchd/com.orchestrate.tend.plist: OK
plist OK  launchd/com.orchestrate.tend.plist
--- monitor server test ---
    1..5
ok 37 - kube reviews
  ---
  duration_ms: 6.104042
  type: 'suite'
  ...
1..37
# tests 123
# suites 25
# pass 123
# fail 0
# cancelled 0
# skipped 0
# todo 0
# duration_ms 1075.821917
--- install.sh dry-run (scaffold + render only, NO launchctl) ---
scaffold dir count: 8
bin scripts copied: 9
rendered tend plist: valid XML
render: __RUN_JOB__ substituted OK
render: WARN leftover placeholder
--- drain-inbox.sh dry-run ---
DRAINED=1
drain-inbox exit 0
drain: seed task registered OK
seed-task.md
(temp dir /var/folders/9d/t_4kg32s3cd6pypzzr3rryy80000gn/T/tmp.4roGBmKAUw left for OS cleanup)
=== done ===
